Using pre-set license
Built from '2020.3/staging' branch; Version is '2020.3.28f1 (f5400f52e03f) revision 16072719'; Using compiler version '192528614'; Build Type 'Release'
OS: 'Windows 10  (10.0.19044) 64bit Core' Language: 'en' Physical Memory: 12157 MB
BatchMode: 1, IsHumanControllingUs: 0, StartBugReporterOnCrash: 0, Is64bit: 1, IsPro: 0

COMMAND LINE ARGUMENTS:
E:\unity\2020.3.28f1\Editor\Unity.exe
-adb2
-batchMode
-noUpm
-name
AssetImportWorker0
-projectPath
C:/Users/JIAMIN/My project/balloon-
-logFile
Logs/AssetImportWorker0.log
-srvPort
64209
Successfully changed project path to: C:/Users/JIAMIN/My project/balloon-
C:/Users/JIAMIN/My project/balloon-
Using Asset Import Pipeline V2.
Refreshing native plugins compatible for Editor in 54.78 ms, found 2 plugins.
Preloading 0 native plugins for Editor in 0.00 ms.
Initialize engine version: 2020.3.28f1 (f5400f52e03f)
[Subsystems] Discovering subsystems at path E:/unity/2020.3.28f1/Editor/Data/Resources/UnitySubsystems
[Subsystems] Discovering subsystems at path C:/Users/JIAMIN/My project/balloon-/Assets
GfxDevice: creating device client; threaded=0
Direct3D:
    Version:  Direct3D 11.0 [level 11.1]
    Renderer: Intel(R) HD Graphics 620 (ID=0x5916)
    Vendor:   
    VRAM:     6078 MB
    Driver:   23.20.16.4973
Initialize mono
Mono path[0] = 'E:/unity/2020.3.28f1/Editor/Data/Managed'
Mono path[1] = 'E:/unity/2020.3.28f1/Editor/Data/MonoBleedingEdge/lib/mono/unityjit'
Mono config path = 'E:/unity/2020.3.28f1/Editor/Data/MonoBleedingEdge/etc'
Using monoOptions --debugger-agent=transport=dt_socket,embedding=1,server=y,suspend=n,address=127.0.0.1:56704
Begin MonoManager ReloadAssembly
Registering precompiled unity dll's ...
Register platform support module: E:/unity/2020.3.28f1/Editor/Data/PlaybackEngines/WebGLSupport/UnityEditor.WebGL.Extensions.dll
Register platform support module: E:/unity/2020.3.28f1/Editor/Data/PlaybackEngines/WindowsStandaloneSupport/UnityEditor.WindowsStandalone.Extensions.dll
Registered in 0.004021 seconds.
Native extension for WindowsStandalone target not found
Native extension for WebGL target not found
Refreshing native plugins compatible for Editor in 49.39 ms, found 2 plugins.
Preloading 0 native plugins for Editor in 0.00 ms.
Mono: successfully reloaded assembly
- Completed reload, in  0.764 seconds
Domain Reload Profiling:
	ReloadAssembly (765ms)
		BeginReloadAssembly (89ms)
			ExecutionOrderSort (0ms)
			DisableScriptedObjects (0ms)
			BackupInstance (0ms)
			ReleaseScriptingObjects (0ms)
			CreateAndSetChildDomain (1ms)
		EndReloadAssembly (568ms)
			LoadAssemblies (87ms)
			RebuildTransferFunctionScriptingTraits (0ms)
			SetupTypeCache (197ms)
			ReleaseScriptCaches (0ms)
			RebuildScriptCaches (39ms)
			SetupLoadedEditorAssemblies (201ms)
				LogAssemblyErrors (0ms)
				InitializePlatformSupportModulesInManaged (6ms)
				SetLoadedEditorAssemblies (0ms)
				RefreshPlugins (49ms)
				BeforeProcessingInitializeOnLoad (10ms)
				ProcessInitializeOnLoadAttributes (101ms)
				ProcessInitializeOnLoadMethodAttributes (35ms)
				AfterProcessingInitializeOnLoad (0ms)
				EditorAssembliesLoaded (0ms)
			ExecutionOrderSort2 (0ms)
			AwakeInstancesAfterBackupRestoration (0ms)
Platform modules already initialized, skipping
Registering precompiled user dll's ...
Registered in 0.012075 seconds.
Begin MonoManager ReloadAssembly
Native extension for WindowsStandalone target not found
Native extension for WebGL target not found
Refreshing native plugins compatible for Editor in 0.43 ms, found 2 plugins.
Preloading 0 native plugins for Editor in 0.00 ms.
Mono: successfully reloaded assembly
- Completed reload, in  1.247 seconds
Domain Reload Profiling:
	ReloadAssembly (1248ms)
		BeginReloadAssembly (191ms)
			ExecutionOrderSort (0ms)
			DisableScriptedObjects (5ms)
			BackupInstance (0ms)
			ReleaseScriptingObjects (0ms)
			CreateAndSetChildDomain (22ms)
		EndReloadAssembly (980ms)
			LoadAssemblies (132ms)
			RebuildTransferFunctionScriptingTraits (0ms)
			SetupTypeCache (350ms)
			ReleaseScriptCaches (0ms)
			RebuildScriptCaches (51ms)
			SetupLoadedEditorAssemblies (352ms)
				LogAssemblyErrors (0ms)
				InitializePlatformSupportModulesInManaged (7ms)
				SetLoadedEditorAssemblies (1ms)
				RefreshPlugins (1ms)
				BeforeProcessingInitializeOnLoad (82ms)
				ProcessInitializeOnLoadAttributes (243ms)
				ProcessInitializeOnLoadMethodAttributes (10ms)
				AfterProcessingInitializeOnLoad (9ms)
				EditorAssembliesLoaded (0ms)
			ExecutionOrderSort2 (0ms)
			AwakeInstancesAfterBackupRestoration (8ms)
Platform modules already initialized, skipping
========================================================================
Worker process is ready to serve import requests
Launched and connected shader compiler UnityShaderCompiler.exe after 0.07 seconds
Refreshing native plugins compatible for Editor in 0.44 ms, found 2 plugins.
Preloading 0 native plugins for Editor in 0.00 ms.
Unloading 1645 Unused Serialized files (Serialized files now loaded: 0)
System memory in use before: 80.9 MB.
System memory in use after: 80.6 MB.

Unloading 21 unused Assets to reduce memory usage. Loaded Objects now: 2081.
Total: 3.196900 ms (FindLiveObjects: 0.155900 ms CreateObjectMapping: 0.053800 ms MarkObjects: 2.707500 ms  DeleteObjects: 0.278700 ms)

AssetImportParameters requested are different than current active one (requested -> active):
  custom:framework-win-MediaFoundation: 216162199b28c13a410421893ffa2e32 -> 
  custom:video-decoder-ogg-theora: a1e56fd34408186e4bbccfd4996cb3dc -> 
  custom:container-muxer-webm: aa71ff27fc2769a1b78a27578f13a17b -> 
  custom:container-demuxer-webm: 4f35f7cbe854078d1ac9338744f61a02 -> 
  custom:container-demuxer-ogg: 62fdf1f143b41e24485cea50d1cbac27 -> 
  custom:video-encoder-webm-vp8: eb34c28f22e8b96e1ab97ce403110664 -> 
  custom:video-codec-MediaFoundation-h265: 746d11721c4dcdbdad8f713fa42b33f4 -> 
  custom:video-decoder-webm-vp8: 9c59270c3fd7afecdb556c50c9e8de78 -> 
  custom:audio-decoder-ogg-vorbis: bf7c407c2cedff20999df2af8eb42d56 -> 
  custom:audio-encoder-webm-vorbis: bf7c407c2cedff20999df2af8eb42d56 -> 
========================================================================
Received Import Request.
  path: Assets/MY LAB/Prefabs/ballon 1 1.prefab
  artifactKey: Guid(de9ce0fef0a8bd647908e3217dfbb58c) Importer(815301076,1909f56bfc062723c751e8b465ee728b)
Start importing Assets/MY LAB/Prefabs/ballon 1 1.prefab using Guid(de9ce0fef0a8bd647908e3217dfbb58c) Importer(815301076,1909f56bfc062723c751e8b465ee728b)  -> (artifact id: '0303dd6ab79e4aecf74137d5b5cf5912') in 0.143388 seconds 
  Import took 0.146518 seconds .

========================================================================
Received Import Request.
  Time since last request: 6.528000 seconds.
  path: Assets/MY LAB/Prefabs/ballon 1 2.prefab
  artifactKey: Guid(320be455b9073054381403a5a206b0fa) Importer(815301076,1909f56bfc062723c751e8b465ee728b)
Start importing Assets/MY LAB/Prefabs/ballon 1 2.prefab using Guid(320be455b9073054381403a5a206b0fa) Importer(815301076,1909f56bfc062723c751e8b465ee728b)  -> (artifact id: '99b8296d7871c3bb8d8c0344485aae06') in 0.025417 seconds 
  Import took 0.030236 seconds .

========================================================================
Received Prepare
Refreshing native plugins compatible for Editor in 7.24 ms, found 2 plugins.
Preloading 0 native plugins for Editor in 0.00 ms.
Unloading 14 Unused Serialized files (Serialized files now loaded: 0)
System memory in use before: 50.6 MB.
System memory in use after: 50.4 MB.

Unloading 14 unused Assets to reduce memory usage. Loaded Objects now: 2088.
Total: 3.905700 ms (FindLiveObjects: 0.152000 ms CreateObjectMapping: 0.059700 ms MarkObjects: 3.011700 ms  DeleteObjects: 0.681600 ms)

AssetImportParameters requested are different than current active one (requested -> active):
  custom:framework-win-MediaFoundation: 216162199b28c13a410421893ffa2e32 -> 
  custom:video-decoder-ogg-theora: a1e56fd34408186e4bbccfd4996cb3dc -> 
  custom:container-muxer-webm: aa71ff27fc2769a1b78a27578f13a17b -> 
  custom:container-demuxer-webm: 4f35f7cbe854078d1ac9338744f61a02 -> 
  custom:container-demuxer-ogg: 62fdf1f143b41e24485cea50d1cbac27 -> 
  custom:video-encoder-webm-vp8: eb34c28f22e8b96e1ab97ce403110664 -> 
  custom:video-codec-MediaFoundation-h265: 746d11721c4dcdbdad8f713fa42b33f4 -> 
  custom:video-decoder-webm-vp8: 9c59270c3fd7afecdb556c50c9e8de78 -> 
  custom:audio-decoder-ogg-vorbis: bf7c407c2cedff20999df2af8eb42d56 -> 
  custom:audio-encoder-webm-vorbis: bf7c407c2cedff20999df2af8eb42d56 -> 
========================================================================
Received Prepare
Registering precompiled user dll's ...
Registered in 0.012411 seconds.
Begin MonoManager ReloadAssembly
Native extension for WindowsStandalone target not found
Native extension for WebGL target not found
Refreshing native plugins compatible for Editor in 0.81 ms, found 2 plugins.
Preloading 0 native plugins for Editor in 0.00 ms.
Mono: successfully reloaded assembly
- Completed reload, in  2.635 seconds
Domain Reload Profiling:
	ReloadAssembly (2635ms)
		BeginReloadAssembly (193ms)
			ExecutionOrderSort (0ms)
			DisableScriptedObjects (7ms)
			BackupInstance (0ms)
			ReleaseScriptingObjects (0ms)
			CreateAndSetChildDomain (51ms)
		EndReloadAssembly (2348ms)
			LoadAssemblies (173ms)
			RebuildTransferFunctionScriptingTraits (0ms)
			SetupTypeCache (1152ms)
			ReleaseScriptCaches (1ms)
			RebuildScriptCaches (79ms)
			SetupLoadedEditorAssemblies (704ms)
				LogAssemblyErrors (0ms)
				InitializePlatformSupportModulesInManaged (13ms)
				SetLoadedEditorAssemblies (2ms)
				RefreshPlugins (1ms)
				BeforeProcessingInitializeOnLoad (344ms)
				ProcessInitializeOnLoadAttributes (319ms)
				ProcessInitializeOnLoadMethodAttributes (11ms)
				AfterProcessingInitializeOnLoad (13ms)
				EditorAssembliesLoaded (1ms)
			ExecutionOrderSort2 (0ms)
			AwakeInstancesAfterBackupRestoration (13ms)
Platform modules already initialized, skipping
Refreshing native plugins compatible for Editor in 0.96 ms, found 2 plugins.
Preloading 0 native plugins for Editor in 0.00 ms.
Unloading 1620 Unused Serialized files (Serialized files now loaded: 0)
System memory in use before: 81.9 MB.
System memory in use after: 81.7 MB.

Unloading 16 unused Assets to reduce memory usage. Loaded Objects now: 2090.
Total: 5.310300 ms (FindLiveObjects: 0.229100 ms CreateObjectMapping: 0.101100 ms MarkObjects: 4.364400 ms  DeleteObjects: 0.614400 ms)

AssetImportParameters requested are different than current active one (requested -> active):
  custom:framework-win-MediaFoundation: 216162199b28c13a410421893ffa2e32 -> 
  custom:video-decoder-ogg-theora: a1e56fd34408186e4bbccfd4996cb3dc -> 
  custom:container-muxer-webm: aa71ff27fc2769a1b78a27578f13a17b -> 
  custom:container-demuxer-webm: 4f35f7cbe854078d1ac9338744f61a02 -> 
  custom:container-demuxer-ogg: 62fdf1f143b41e24485cea50d1cbac27 -> 
  custom:video-encoder-webm-vp8: eb34c28f22e8b96e1ab97ce403110664 -> 
  custom:video-codec-MediaFoundation-h265: 746d11721c4dcdbdad8f713fa42b33f4 -> 
  custom:video-decoder-webm-vp8: 9c59270c3fd7afecdb556c50c9e8de78 -> 
  custom:audio-decoder-ogg-vorbis: bf7c407c2cedff20999df2af8eb42d56 -> 
  custom:audio-encoder-webm-vorbis: bf7c407c2cedff20999df2af8eb42d56 -> 
========================================================================
Received Prepare
Registering precompiled user dll's ...
Registered in 0.015176 seconds.
Begin MonoManager ReloadAssembly
Native extension for WindowsStandalone target not found
Native extension for WebGL target not found
Refreshing native plugins compatible for Editor in 0.61 ms, found 2 plugins.
Preloading 0 native plugins for Editor in 0.00 ms.
Mono: successfully reloaded assembly
- Completed reload, in  1.298 seconds
Domain Reload Profiling:
	ReloadAssembly (1298ms)
		BeginReloadAssembly (201ms)
			ExecutionOrderSort (0ms)
			DisableScriptedObjects (8ms)
			BackupInstance (0ms)
			ReleaseScriptingObjects (0ms)
			CreateAndSetChildDomain (44ms)
		EndReloadAssembly (993ms)
			LoadAssemblies (181ms)
			RebuildTransferFunctionScriptingTraits (0ms)
			SetupTypeCache (336ms)
			ReleaseScriptCaches (1ms)
			RebuildScriptCaches (49ms)
			SetupLoadedEditorAssemblies (353ms)
				LogAssemblyErrors (0ms)
				InitializePlatformSupportModulesInManaged (7ms)
				SetLoadedEditorAssemblies (1ms)
				RefreshPlugins (1ms)
				BeforeProcessingInitializeOnLoad (78ms)
				ProcessInitializeOnLoadAttributes (241ms)
				ProcessInitializeOnLoadMethodAttributes (11ms)
				AfterProcessingInitializeOnLoad (15ms)
				EditorAssembliesLoaded (0ms)
			ExecutionOrderSort2 (0ms)
			AwakeInstancesAfterBackupRestoration (8ms)
Platform modules already initialized, skipping
Refreshing native plugins compatible for Editor in 0.54 ms, found 2 plugins.
Preloading 0 native plugins for Editor in 0.00 ms.
Unloading 1620 Unused Serialized files (Serialized files now loaded: 0)
System memory in use before: 81.9 MB.
System memory in use after: 81.7 MB.

Unloading 16 unused Assets to reduce memory usage. Loaded Objects now: 2092.
Total: 4.036800 ms (FindLiveObjects: 0.149900 ms CreateObjectMapping: 0.061400 ms MarkObjects: 3.429300 ms  DeleteObjects: 0.395100 ms)

AssetImportParameters requested are different than current active one (requested -> active):
  custom:framework-win-MediaFoundation: 216162199b28c13a410421893ffa2e32 -> 
  custom:video-decoder-ogg-theora: a1e56fd34408186e4bbccfd4996cb3dc -> 
  custom:container-muxer-webm: aa71ff27fc2769a1b78a27578f13a17b -> 
  custom:container-demuxer-webm: 4f35f7cbe854078d1ac9338744f61a02 -> 
  custom:container-demuxer-ogg: 62fdf1f143b41e24485cea50d1cbac27 -> 
  custom:video-encoder-webm-vp8: eb34c28f22e8b96e1ab97ce403110664 -> 
  custom:video-codec-MediaFoundation-h265: 746d11721c4dcdbdad8f713fa42b33f4 -> 
  custom:video-decoder-webm-vp8: 9c59270c3fd7afecdb556c50c9e8de78 -> 
  custom:audio-decoder-ogg-vorbis: bf7c407c2cedff20999df2af8eb42d56 -> 
  custom:audio-encoder-webm-vorbis: bf7c407c2cedff20999df2af8eb42d56 -> 
========================================================================
Received Prepare
Registering precompiled user dll's ...
Registered in 0.017833 seconds.
Begin MonoManager ReloadAssembly
Native extension for WindowsStandalone target not found
Native extension for WebGL target not found
Refreshing native plugins compatible for Editor in 3.38 ms, found 2 plugins.
Preloading 0 native plugins for Editor in 0.00 ms.
Mono: successfully reloaded assembly
- Completed reload, in  1.595 seconds
Domain Reload Profiling:
	ReloadAssembly (1595ms)
		BeginReloadAssembly (220ms)
			ExecutionOrderSort (0ms)
			DisableScriptedObjects (5ms)
			BackupInstance (0ms)
			ReleaseScriptingObjects (0ms)
			CreateAndSetChildDomain (74ms)
		EndReloadAssembly (1270ms)
			LoadAssemblies (182ms)
			RebuildTransferFunctionScriptingTraits (0ms)
			SetupTypeCache (495ms)
			ReleaseScriptCaches (1ms)
			RebuildScriptCaches (57ms)
			SetupLoadedEditorAssemblies (425ms)
				LogAssemblyErrors (0ms)
				InitializePlatformSupportModulesInManaged (11ms)
				SetLoadedEditorAssemblies (1ms)
				RefreshPlugins (4ms)
				BeforeProcessingInitializeOnLoad (96ms)
				ProcessInitializeOnLoadAttributes (292ms)
				ProcessInitializeOnLoadMethodAttributes (10ms)
				AfterProcessingInitializeOnLoad (11ms)
				EditorAssembliesLoaded (0ms)
			ExecutionOrderSort2 (0ms)
			AwakeInstancesAfterBackupRestoration (12ms)
Platform modules already initialized, skipping
Switching build target platform(20) subTarget(524289) extendedPlatform(0) -> platform(20) subTarget(589825) extendedPlatform(0)
Refreshing native plugins compatible for Editor in 0.43 ms, found 2 plugins.
Preloading 0 native plugins for Editor in 0.00 ms.
Unloading 1620 Unused Serialized files (Serialized files now loaded: 0)
System memory in use before: 81.9 MB.
System memory in use after: 81.7 MB.

Unloading 16 unused Assets to reduce memory usage. Loaded Objects now: 2094.
Total: 3.578400 ms (FindLiveObjects: 0.150200 ms CreateObjectMapping: 0.053100 ms MarkObjects: 3.081800 ms  DeleteObjects: 0.291900 ms)

AssetImportParameters requested are different than current active one (requested -> active):
  buildTarget: platform 20, subtarget 589825, extendedPlatform 0 -> platform 20, subtarget 524289, extendedPlatform 0
  graphicsApiMask: 2304 -> 2048
  custom:framework-win-MediaFoundation: 216162199b28c13a410421893ffa2e32 -> 
  custom:video-decoder-ogg-theora: a1e56fd34408186e4bbccfd4996cb3dc -> 
  custom:container-muxer-webm: aa71ff27fc2769a1b78a27578f13a17b -> 
  custom:container-demuxer-webm: 4f35f7cbe854078d1ac9338744f61a02 -> 
  custom:container-demuxer-ogg: 62fdf1f143b41e24485cea50d1cbac27 -> 
  custom:video-encoder-webm-vp8: eb34c28f22e8b96e1ab97ce403110664 -> 
  custom:video-codec-MediaFoundation-h265: 746d11721c4dcdbdad8f713fa42b33f4 -> 
  custom:video-decoder-webm-vp8: 9c59270c3fd7afecdb556c50c9e8de78 -> 
  custom:audio-decoder-ogg-vorbis: bf7c407c2cedff20999df2af8eb42d56 -> 
  custom:audio-encoder-webm-vorbis: bf7c407c2cedff20999df2af8eb42d56 -> 
========================================================================
Received Prepare
Switching build target platform(20) subTarget(524289) extendedPlatform(0) -> platform(20) subTarget(589825) extendedPlatform(0)
Refreshing native plugins compatible for Editor in 7.67 ms, found 2 plugins.
Preloading 0 native plugins for Editor in 0.00 ms.
Unloading 14 Unused Serialized files (Serialized files now loaded: 0)
System memory in use before: 50.2 MB.
System memory in use after: 50.0 MB.

Unloading 14 unused Assets to reduce memory usage. Loaded Objects now: 2094.
Total: 3.428900 ms (FindLiveObjects: 0.167400 ms CreateObjectMapping: 0.061200 ms MarkObjects: 2.884700 ms  DeleteObjects: 0.314500 ms)

AssetImportParameters requested are different than current active one (requested -> active):
  buildTarget: platform 20, subtarget 589825, extendedPlatform 0 -> platform 20, subtarget 524289, extendedPlatform 0
  graphicsApiMask: 2304 -> 2048
  custom:framework-win-MediaFoundation: 216162199b28c13a410421893ffa2e32 -> 
  custom:video-decoder-ogg-theora: a1e56fd34408186e4bbccfd4996cb3dc -> 
  custom:container-muxer-webm: aa71ff27fc2769a1b78a27578f13a17b -> 
  custom:container-demuxer-webm: 4f35f7cbe854078d1ac9338744f61a02 -> 
  custom:container-demuxer-ogg: 62fdf1f143b41e24485cea50d1cbac27 -> 
  custom:video-encoder-webm-vp8: eb34c28f22e8b96e1ab97ce403110664 -> 
  custom:video-codec-MediaFoundation-h265: 746d11721c4dcdbdad8f713fa42b33f4 -> 
  custom:video-decoder-webm-vp8: 9c59270c3fd7afecdb556c50c9e8de78 -> 
  custom:audio-decoder-ogg-vorbis: bf7c407c2cedff20999df2af8eb42d56 -> 
  custom:audio-encoder-webm-vorbis: bf7c407c2cedff20999df2af8eb42d56 -> 
========================================================================
Received Import Request.
  Time since last request: 154.828126 seconds.
  path: Assets/MY LAB/Prefabs/BG.png
  artifactKey: Guid(a87e7dc4c51cfd14ba07506bad643ccf) Importer(815301076,1909f56bfc062723c751e8b465ee728b)
Start importing Assets/MY LAB/Prefabs/BG.png using Guid(a87e7dc4c51cfd14ba07506bad643ccf) Importer(815301076,1909f56bfc062723c751e8b465ee728b)  -> (artifact id: 'dad6cbc82e2d69ed12f1728bec588f4c') in 0.094073 seconds 
  Import took 0.097058 seconds .

========================================================================
Received Import Request.
  Time since last request: 0.000307 seconds.
  path: Assets/MY LAB/Prefabs/ballon pop.png
  artifactKey: Guid(17c42b659bb4ef74c925b23b5c5d1fe2) Importer(815301076,1909f56bfc062723c751e8b465ee728b)
Start importing Assets/MY LAB/Prefabs/ballon pop.png using Guid(17c42b659bb4ef74c925b23b5c5d1fe2) Importer(815301076,1909f56bfc062723c751e8b465ee728b)  -> (artifact id: '2d7078ca82f56a737613a86434679a00') in 0.032507 seconds 
  Import took 0.035312 seconds .

========================================================================
Received Import Request.
  Time since last request: 0.000299 seconds.
  path: Assets/MY LAB/Prefabs/ballon pop 1.png
  artifactKey: Guid(c8ee105f0847d84458af3e8db893a114) Importer(815301076,1909f56bfc062723c751e8b465ee728b)
Start importing Assets/MY LAB/Prefabs/ballon pop 1.png using Guid(c8ee105f0847d84458af3e8db893a114) Importer(815301076,1909f56bfc062723c751e8b465ee728b)  -> (artifact id: 'abe1d5a57cec2043953f2f74366cb860') in 0.033920 seconds 
  Import took 0.037828 seconds .

========================================================================
Received Prepare
Refreshing native plugins compatible for Editor in 9.95 ms, found 2 plugins.
Preloading 0 native plugins for Editor in 0.00 ms.
Unloading 14 Unused Serialized files (Serialized files now loaded: 0)
System memory in use before: 50.3 MB.
System memory in use after: 50.1 MB.

Unloading 14 unused Assets to reduce memory usage. Loaded Objects now: 2103.
Total: 4.476700 ms (FindLiveObjects: 0.409500 ms CreateObjectMapping: 0.155800 ms MarkObjects: 3.587900 ms  DeleteObjects: 0.322100 ms)

AssetImportParameters requested are different than current active one (requested -> active):
  custom:framework-win-MediaFoundation: 216162199b28c13a410421893ffa2e32 -> 
  custom:video-decoder-ogg-theora: a1e56fd34408186e4bbccfd4996cb3dc -> 
  custom:container-muxer-webm: aa71ff27fc2769a1b78a27578f13a17b -> 
  custom:container-demuxer-webm: 4f35f7cbe854078d1ac9338744f61a02 -> 
  custom:container-demuxer-ogg: 62fdf1f143b41e24485cea50d1cbac27 -> 
  custom:video-encoder-webm-vp8: eb34c28f22e8b96e1ab97ce403110664 -> 
  custom:video-codec-MediaFoundation-h265: 746d11721c4dcdbdad8f713fa42b33f4 -> 
  custom:video-decoder-webm-vp8: 9c59270c3fd7afecdb556c50c9e8de78 -> 
  custom:audio-decoder-ogg-vorbis: bf7c407c2cedff20999df2af8eb42d56 -> 
  custom:audio-encoder-webm-vorbis: bf7c407c2cedff20999df2af8eb42d56 -> 
========================================================================
Received Prepare
Refreshing native plugins compatible for Editor in 7.62 ms, found 2 plugins.
Preloading 0 native plugins for Editor in 0.00 ms.
Unloading 14 Unused Serialized files (Serialized files now loaded: 0)
System memory in use before: 50.3 MB.
System memory in use after: 50.1 MB.

Unloading 14 unused Assets to reduce memory usage. Loaded Objects now: 2103.
Total: 4.266600 ms (FindLiveObjects: 0.190900 ms CreateObjectMapping: 0.057800 ms MarkObjects: 3.706500 ms  DeleteObjects: 0.310400 ms)

AssetImportParameters requested are different than current active one (requested -> active):
  custom:framework-win-MediaFoundation: 216162199b28c13a410421893ffa2e32 -> 
  custom:video-decoder-ogg-theora: a1e56fd34408186e4bbccfd4996cb3dc -> 
  custom:container-muxer-webm: aa71ff27fc2769a1b78a27578f13a17b -> 
  custom:container-demuxer-webm: 4f35f7cbe854078d1ac9338744f61a02 -> 
  custom:container-demuxer-ogg: 62fdf1f143b41e24485cea50d1cbac27 -> 
  custom:video-encoder-webm-vp8: eb34c28f22e8b96e1ab97ce403110664 -> 
  custom:video-codec-MediaFoundation-h265: 746d11721c4dcdbdad8f713fa42b33f4 -> 
  custom:video-decoder-webm-vp8: 9c59270c3fd7afecdb556c50c9e8de78 -> 
  custom:audio-decoder-ogg-vorbis: bf7c407c2cedff20999df2af8eb42d56 -> 
  custom:audio-encoder-webm-vorbis: bf7c407c2cedff20999df2af8eb42d56 -> 
========================================================================
Received Prepare
Refreshing native plugins compatible for Editor in 9.64 ms, found 2 plugins.
Preloading 0 native plugins for Editor in 0.00 ms.
Unloading 14 Unused Serialized files (Serialized files now loaded: 0)
System memory in use before: 50.3 MB.
System memory in use after: 50.1 MB.

Unloading 14 unused Assets to reduce memory usage. Loaded Objects now: 2103.
Total: 5.465500 ms (FindLiveObjects: 0.197700 ms CreateObjectMapping: 0.066600 ms MarkObjects: 4.878500 ms  DeleteObjects: 0.321500 ms)

AssetImportParameters requested are different than current active one (requested -> active):
  custom:framework-win-MediaFoundation: 216162199b28c13a410421893ffa2e32 -> 
  custom:video-decoder-ogg-theora: a1e56fd34408186e4bbccfd4996cb3dc -> 
  custom:container-muxer-webm: aa71ff27fc2769a1b78a27578f13a17b -> 
  custom:container-demuxer-webm: 4f35f7cbe854078d1ac9338744f61a02 -> 
  custom:container-demuxer-ogg: 62fdf1f143b41e24485cea50d1cbac27 -> 
  custom:video-encoder-webm-vp8: eb34c28f22e8b96e1ab97ce403110664 -> 
  custom:video-codec-MediaFoundation-h265: 746d11721c4dcdbdad8f713fa42b33f4 -> 
  custom:video-decoder-webm-vp8: 9c59270c3fd7afecdb556c50c9e8de78 -> 
  custom:audio-decoder-ogg-vorbis: bf7c407c2cedff20999df2af8eb42d56 -> 
  custom:audio-encoder-webm-vorbis: bf7c407c2cedff20999df2af8eb42d56 -> 
========================================================================
Received Import Request.
  Time since last request: 1134.592500 seconds.
  path: Assets/MY LAB/Scenes/Level 1.unity
  artifactKey: Guid(22995ea6452de844f8867a8e479131fd) Importer(815301076,1909f56bfc062723c751e8b465ee728b)
Start importing Assets/MY LAB/Scenes/Level 1.unity using Guid(22995ea6452de844f8867a8e479131fd) Importer(815301076,1909f56bfc062723c751e8b465ee728b)  -> (artifact id: 'a5029d7bc75cf1e187843469468eb4b3') in 0.029243 seconds 
  Import took 0.033475 seconds .

========================================================================
Received Import Request.
  Time since last request: 124.900356 seconds.
  path: Assets/MY LAB/Scenes/Level 2.unity
  artifactKey: Guid(4ece9c000a0671541a8b96f876dbd412) Importer(815301076,1909f56bfc062723c751e8b465ee728b)
Start importing Assets/MY LAB/Scenes/Level 2.unity using Guid(4ece9c000a0671541a8b96f876dbd412) Importer(815301076,1909f56bfc062723c751e8b465ee728b)  -> (artifact id: 'e4360b52733517f6b96d8f545b3e635d') in 0.009181 seconds 
  Import took 0.015381 seconds .

========================================================================
Received Import Request.
  Time since last request: 38.491745 seconds.
  path: Assets/MY LAB/Scenes/Level 2.unity
  artifactKey: Guid(4ece9c000a0671541a8b96f876dbd412) Importer(815301076,1909f56bfc062723c751e8b465ee728b)
Start importing Assets/MY LAB/Scenes/Level 2.unity using Guid(4ece9c000a0671541a8b96f876dbd412) Importer(815301076,1909f56bfc062723c751e8b465ee728b)  -> (artifact id: 'f2b86cf53dd0a5fc2ac0d5b86c1ac8d8') in 0.014308 seconds 
  Import took 0.020302 seconds .

========================================================================
Received Import Request.
  Time since last request: 1.853278 seconds.
  path: Assets/MY LAB/Scenes/Level 3.unity
  artifactKey: Guid(a1933592140b09a498e618b43dffbde8) Importer(815301076,1909f56bfc062723c751e8b465ee728b)
Start importing Assets/MY LAB/Scenes/Level 3.unity using Guid(a1933592140b09a498e618b43dffbde8) Importer(815301076,1909f56bfc062723c751e8b465ee728b)  -> (artifact id: '297833c88c9747f94a502c0b1a7c6598') in 0.010694 seconds 
  Import took 0.015275 seconds .

========================================================================
Received Prepare
Refreshing native plugins compatible for Editor in 7.24 ms, found 2 plugins.
Preloading 0 native plugins for Editor in 0.00 ms.
Unloading 14 Unused Serialized files (Serialized files now loaded: 0)
System memory in use before: 50.3 MB.
System memory in use after: 50.1 MB.

Unloading 14 unused Assets to reduce memory usage. Loaded Objects now: 2103.
Total: 4.179000 ms (FindLiveObjects: 0.153200 ms CreateObjectMapping: 0.048600 ms MarkObjects: 3.667100 ms  DeleteObjects: 0.309200 ms)

AssetImportParameters requested are different than current active one (requested -> active):
  custom:framework-win-MediaFoundation: 216162199b28c13a410421893ffa2e32 -> 
  custom:video-decoder-ogg-theora: a1e56fd34408186e4bbccfd4996cb3dc -> 
  custom:container-muxer-webm: aa71ff27fc2769a1b78a27578f13a17b -> 
  custom:container-demuxer-webm: 4f35f7cbe854078d1ac9338744f61a02 -> 
  custom:container-demuxer-ogg: 62fdf1f143b41e24485cea50d1cbac27 -> 
  custom:video-encoder-webm-vp8: eb34c28f22e8b96e1ab97ce403110664 -> 
  custom:video-codec-MediaFoundation-h265: 746d11721c4dcdbdad8f713fa42b33f4 -> 
  custom:video-decoder-webm-vp8: 9c59270c3fd7afecdb556c50c9e8de78 -> 
  custom:audio-decoder-ogg-vorbis: bf7c407c2cedff20999df2af8eb42d56 -> 
  custom:audio-encoder-webm-vorbis: bf7c407c2cedff20999df2af8eb42d56 -> 
========================================================================
Received Import Request.
  Time since last request: 125.644094 seconds.
  path: Assets/MY LAB/Scenes/Level 3.unity
  artifactKey: Guid(a1933592140b09a498e618b43dffbde8) Importer(815301076,1909f56bfc062723c751e8b465ee728b)
Start importing Assets/MY LAB/Scenes/Level 3.unity using Guid(a1933592140b09a498e618b43dffbde8) Importer(815301076,1909f56bfc062723c751e8b465ee728b)  -> (artifact id: '843ecd22e0bce93c47fc5b2f859cad49') in 0.018472 seconds 
  Import took 0.022212 seconds .

========================================================================
Received Import Request.
  Time since last request: 4.296170 seconds.
  path: Assets/MY LAB/Scenes/Level 1.unity
  artifactKey: Guid(22995ea6452de844f8867a8e479131fd) Importer(815301076,1909f56bfc062723c751e8b465ee728b)
Start importing Assets/MY LAB/Scenes/Level 1.unity using Guid(22995ea6452de844f8867a8e479131fd) Importer(815301076,1909f56bfc062723c751e8b465ee728b)  -> (artifact id: '1c63aa321d93a8d34747f8d6487db637') in 0.011904 seconds 
  Import took 0.016531 seconds .

========================================================================
Received Prepare
Refreshing native plugins compatible for Editor in 8.06 ms, found 2 plugins.
Preloading 0 native plugins for Editor in 0.00 ms.
Unloading 14 Unused Serialized files (Serialized files now loaded: 0)
System memory in use before: 50.3 MB.
System memory in use after: 50.1 MB.

Unloading 14 unused Assets to reduce memory usage. Loaded Objects now: 2103.
Total: 3.622700 ms (FindLiveObjects: 0.147100 ms CreateObjectMapping: 0.048700 ms MarkObjects: 3.118000 ms  DeleteObjects: 0.307900 ms)

AssetImportParameters requested are different than current active one (requested -> active):
  custom:framework-win-MediaFoundation: 216162199b28c13a410421893ffa2e32 -> 
  custom:video-decoder-ogg-theora: a1e56fd34408186e4bbccfd4996cb3dc -> 
  custom:container-muxer-webm: aa71ff27fc2769a1b78a27578f13a17b -> 
  custom:container-demuxer-webm: 4f35f7cbe854078d1ac9338744f61a02 -> 
  custom:container-demuxer-ogg: 62fdf1f143b41e24485cea50d1cbac27 -> 
  custom:video-encoder-webm-vp8: eb34c28f22e8b96e1ab97ce403110664 -> 
  custom:video-codec-MediaFoundation-h265: 746d11721c4dcdbdad8f713fa42b33f4 -> 
  custom:video-decoder-webm-vp8: 9c59270c3fd7afecdb556c50c9e8de78 -> 
  custom:audio-decoder-ogg-vorbis: bf7c407c2cedff20999df2af8eb42d56 -> 
  custom:audio-encoder-webm-vorbis: bf7c407c2cedff20999df2af8eb42d56 -> 
========================================================================
Received Import Request.
  Time since last request: 150.108711 seconds.
  path: Assets/MY LAB/Scenes/Menu.unity
  artifactKey: Guid(bce693bbaadce9c4288ce0fd58ea211b) Importer(815301076,1909f56bfc062723c751e8b465ee728b)
Start importing Assets/MY LAB/Scenes/Menu.unity using Guid(bce693bbaadce9c4288ce0fd58ea211b) Importer(815301076,1909f56bfc062723c751e8b465ee728b)  -> (artifact id: 'e9815cff6a97d615fc4f4f82e986cfb1') in 0.026278 seconds 
  Import took 0.029617 seconds .

========================================================================
Received Prepare
Registering precompiled user dll's ...
Registered in 0.014439 seconds.
Begin MonoManager ReloadAssembly
Native extension for WindowsStandalone target not found
Native extension for WebGL target not found
Refreshing native plugins compatible for Editor in 0.62 ms, found 2 plugins.
Preloading 0 native plugins for Editor in 0.00 ms.
Mono: successfully reloaded assembly
- Completed reload, in  1.252 seconds
Domain Reload Profiling:
	ReloadAssembly (1253ms)
		BeginReloadAssembly (163ms)
			ExecutionOrderSort (0ms)
			DisableScriptedObjects (9ms)
			BackupInstance (0ms)
			ReleaseScriptingObjects (0ms)
			CreateAndSetChildDomain (44ms)
		EndReloadAssembly (1006ms)
			LoadAssemblies (133ms)
			RebuildTransferFunctionScriptingTraits (0ms)
			SetupTypeCache (357ms)
			ReleaseScriptCaches (1ms)
			RebuildScriptCaches (49ms)
			SetupLoadedEditorAssemblies (359ms)
				LogAssemblyErrors (0ms)
				InitializePlatformSupportModulesInManaged (7ms)
				SetLoadedEditorAssemblies (1ms)
				RefreshPlugins (1ms)
				BeforeProcessingInitializeOnLoad (82ms)
				ProcessInitializeOnLoadAttributes (244ms)
				ProcessInitializeOnLoadMethodAttributes (14ms)
				AfterProcessingInitializeOnLoad (11ms)
				EditorAssembliesLoaded (0ms)
			ExecutionOrderSort2 (0ms)
			AwakeInstancesAfterBackupRestoration (9ms)
Platform modules already initialized, skipping
Refreshing native plugins compatible for Editor in 0.47 ms, found 2 plugins.
Preloading 0 native plugins for Editor in 0.00 ms.
Unloading 1620 Unused Serialized files (Serialized files now loaded: 0)
System memory in use before: 82.0 MB.
System memory in use after: 81.8 MB.

Unloading 16 unused Assets to reduce memory usage. Loaded Objects now: 2105.
Total: 4.525600 ms (FindLiveObjects: 0.254600 ms CreateObjectMapping: 0.261600 ms MarkObjects: 3.666400 ms  DeleteObjects: 0.341700 ms)

AssetImportParameters requested are different than current active one (requested -> active):
  custom:framework-win-MediaFoundation: 216162199b28c13a410421893ffa2e32 -> 
  custom:video-decoder-ogg-theora: a1e56fd34408186e4bbccfd4996cb3dc -> 
  custom:container-muxer-webm: aa71ff27fc2769a1b78a27578f13a17b -> 
  custom:container-demuxer-webm: 4f35f7cbe854078d1ac9338744f61a02 -> 
  custom:container-demuxer-ogg: 62fdf1f143b41e24485cea50d1cbac27 -> 
  custom:video-encoder-webm-vp8: eb34c28f22e8b96e1ab97ce403110664 -> 
  custom:video-codec-MediaFoundation-h265: 746d11721c4dcdbdad8f713fa42b33f4 -> 
  custom:video-decoder-webm-vp8: 9c59270c3fd7afecdb556c50c9e8de78 -> 
  custom:audio-decoder-ogg-vorbis: bf7c407c2cedff20999df2af8eb42d56 -> 
  custom:audio-encoder-webm-vorbis: bf7c407c2cedff20999df2af8eb42d56 -> 
========================================================================
Received Prepare
Refreshing native plugins compatible for Editor in 7.94 ms, found 2 plugins.
Preloading 0 native plugins for Editor in 0.00 ms.
Unloading 14 Unused Serialized files (Serialized files now loaded: 0)
System memory in use before: 50.2 MB.
System memory in use after: 50.0 MB.

Unloading 14 unused Assets to reduce memory usage. Loaded Objects now: 2105.
Total: 3.780300 ms (FindLiveObjects: 0.175900 ms CreateObjectMapping: 0.060800 ms MarkObjects: 3.229200 ms  DeleteObjects: 0.313600 ms)

AssetImportParameters requested are different than current active one (requested -> active):
  custom:framework-win-MediaFoundation: 216162199b28c13a410421893ffa2e32 -> 
  custom:video-decoder-ogg-theora: a1e56fd34408186e4bbccfd4996cb3dc -> 
  custom:container-muxer-webm: aa71ff27fc2769a1b78a27578f13a17b -> 
  custom:container-demuxer-webm: 4f35f7cbe854078d1ac9338744f61a02 -> 
  custom:container-demuxer-ogg: 62fdf1f143b41e24485cea50d1cbac27 -> 
  custom:video-encoder-webm-vp8: eb34c28f22e8b96e1ab97ce403110664 -> 
  custom:video-codec-MediaFoundation-h265: 746d11721c4dcdbdad8f713fa42b33f4 -> 
  custom:video-decoder-webm-vp8: 9c59270c3fd7afecdb556c50c9e8de78 -> 
  custom:audio-decoder-ogg-vorbis: bf7c407c2cedff20999df2af8eb42d56 -> 
  custom:audio-encoder-webm-vorbis: bf7c407c2cedff20999df2af8eb42d56 -> 
========================================================================
Received Import Request.
  Time since last request: 706.525038 seconds.
  path: Assets/MY LAB/Plane/Dead (1).png
  artifactKey: Guid(0d095d91a9c924f42983cd72e5fdcd0f) Importer(815301076,1909f56bfc062723c751e8b465ee728b)
Start importing Assets/MY LAB/Plane/Dead (1).png using Guid(0d095d91a9c924f42983cd72e5fdcd0f) Importer(815301076,1909f56bfc062723c751e8b465ee728b)  -> (artifact id: 'f7f33466b6bbbbe00203a735c24c29b8') in 0.071842 seconds 
  Import took 0.080091 seconds .

========================================================================
Received Import Request.
  Time since last request: 0.000378 seconds.
  path: Assets/MY LAB/Plane/Fly (2).png
  artifactKey: Guid(bf6a357248ce7c747925a8f8ac45a919) Importer(815301076,1909f56bfc062723c751e8b465ee728b)
Start importing Assets/MY LAB/Plane/Fly (2).png using Guid(bf6a357248ce7c747925a8f8ac45a919) Importer(815301076,1909f56bfc062723c751e8b465ee728b)  -> (artifact id: '0ecf58c4362f8900e17ed4381141b880') in 0.027531 seconds 
  Import took 0.032411 seconds .

========================================================================
Received Import Request.
  Time since last request: 0.000371 seconds.
  path: Assets/MY LAB/Plane/Fly (1).png
  artifactKey: Guid(13bf785e9468aa048ad70133f0f82ca7) Importer(815301076,1909f56bfc062723c751e8b465ee728b)
Start importing Assets/MY LAB/Plane/Fly (1).png using Guid(13bf785e9468aa048ad70133f0f82ca7) Importer(815301076,1909f56bfc062723c751e8b465ee728b)  -> (artifact id: '82ee7c86b0e2b4b792ced14baac65252') in 0.028309 seconds 
  Import took 0.033241 seconds .

========================================================================
Received Import Request.
  Time since last request: 0.000412 seconds.
  path: Assets/MY LAB/Plane/Shoot (2).png
  artifactKey: Guid(f4091c2043fb9be4ebfe7710a5276e65) Importer(815301076,1909f56bfc062723c751e8b465ee728b)
Start importing Assets/MY LAB/Plane/Shoot (2).png using Guid(f4091c2043fb9be4ebfe7710a5276e65) Importer(815301076,1909f56bfc062723c751e8b465ee728b)  -> (artifact id: '39af26b709eb891c9b9d124fa5214fb3') in 0.028221 seconds 
  Import took 0.032743 seconds .

========================================================================
Received Import Request.
  Time since last request: 0.000393 seconds.
  path: Assets/MY LAB/Plane/Shoot (5).png
  artifactKey: Guid(b9c747b12ac973848a492a984710b906) Importer(815301076,1909f56bfc062723c751e8b465ee728b)
Start importing Assets/MY LAB/Plane/Shoot (5).png using Guid(b9c747b12ac973848a492a984710b906) Importer(815301076,1909f56bfc062723c751e8b465ee728b)  -> (artifact id: '2e749e72dd2a6cd41f58e885a3f6ba02') in 0.027652 seconds 
  Import took 0.031710 seconds .

========================================================================
Received Import Request.
  Time since last request: 0.000350 seconds.
  path: Assets/MY LAB/Plane/Shoot (4).png
  artifactKey: Guid(bff5e8e8875ca7349a00b73acaec7aae) Importer(815301076,1909f56bfc062723c751e8b465ee728b)
Start importing Assets/MY LAB/Plane/Shoot (4).png using Guid(bff5e8e8875ca7349a00b73acaec7aae) Importer(815301076,1909f56bfc062723c751e8b465ee728b)  -> (artifact id: 'bcf031ee1d90bcc5ff20058e6b729c51') in 0.030142 seconds 
  Import took 0.034144 seconds .

========================================================================
Received Import Request.
  Time since last request: 0.000271 seconds.
  path: Assets/MY LAB/Plane/Shoot (1).png
  artifactKey: Guid(ee0a0e17af30b5d4f9afddbf95cec6b3) Importer(815301076,1909f56bfc062723c751e8b465ee728b)
Start importing Assets/MY LAB/Plane/Shoot (1).png using Guid(ee0a0e17af30b5d4f9afddbf95cec6b3) Importer(815301076,1909f56bfc062723c751e8b465ee728b)  -> (artifact id: '7480a9c71b16a4ec3c5e69a488441bd3') in 0.030082 seconds 
  Import took 0.033632 seconds .

========================================================================
Received Import Request.
  Time since last request: 0.000296 seconds.
  path: Assets/MY LAB/Plane/Shoot (3).png
  artifactKey: Guid(eb5f92ff334e22d4fa8a3414977bc0fd) Importer(815301076,1909f56bfc062723c751e8b465ee728b)
Start importing Assets/MY LAB/Plane/Shoot (3).png using Guid(eb5f92ff334e22d4fa8a3414977bc0fd) Importer(815301076,1909f56bfc062723c751e8b465ee728b)  -> (artifact id: '40c3d3876ff18c20c246aa4baf8a4820') in 0.029494 seconds 
  Import took 0.032962 seconds .

========================================================================
Received Import Request.
  Time since last request: 0.801070 seconds.
  path: Assets/MY LAB/Bullet/Bullet (1).png
  artifactKey: Guid(5c15daaebe347354895e2c1b8e2d7d9a) Importer(815301076,1909f56bfc062723c751e8b465ee728b)
Start importing Assets/MY LAB/Bullet/Bullet (1).png using Guid(5c15daaebe347354895e2c1b8e2d7d9a) Importer(815301076,1909f56bfc062723c751e8b465ee728b)  -> (artifact id: 'e5233ee0aa010ae105c529b58c815e69') in 0.033705 seconds 
  Import took 0.039547 seconds .

========================================================================
Received Import Request.
  Time since last request: 0.000469 seconds.
  path: Assets/MY LAB/Bullet/Bullet (4).png
  artifactKey: Guid(51e7a8066fc297f4197d0f681d86bc63) Importer(815301076,1909f56bfc062723c751e8b465ee728b)
Start importing Assets/MY LAB/Bullet/Bullet (4).png using Guid(51e7a8066fc297f4197d0f681d86bc63) Importer(815301076,1909f56bfc062723c751e8b465ee728b)  -> (artifact id: 'b5ccabb2a8ba2c59d321e3de0fbe935c') in 0.027842 seconds 
  Import took 0.031642 seconds .

========================================================================
Received Import Request.
  Time since last request: 0.000400 seconds.
  path: Assets/MY LAB/Bullet/Bullet (5).png
  artifactKey: Guid(44ce6aca25a372a40a13a3905553579d) Importer(815301076,1909f56bfc062723c751e8b465ee728b)
Start importing Assets/MY LAB/Bullet/Bullet (5).png using Guid(44ce6aca25a372a40a13a3905553579d) Importer(815301076,1909f56bfc062723c751e8b465ee728b)  -> (artifact id: '712c0f522a1ee33202c91c0b87a37717') in 0.030273 seconds 
  Import took 0.034263 seconds .

========================================================================
Received Import Request.
  Time since last request: 0.000340 seconds.
  path: Assets/MY LAB/Bullet/Bullet (2).png
  artifactKey: Guid(6e68c79ab591e7340b60dd2e862fd3af) Importer(815301076,1909f56bfc062723c751e8b465ee728b)
Start importing Assets/MY LAB/Bullet/Bullet (2).png using Guid(6e68c79ab591e7340b60dd2e862fd3af) Importer(815301076,1909f56bfc062723c751e8b465ee728b)  -> (artifact id: 'd738ae5ba4f4a3746e3c2de13134c3c7') in 0.028212 seconds 
  Import took 0.032336 seconds .

========================================================================
Received Import Request.
  Time since last request: 0.000373 seconds.
  path: Assets/MY LAB/Bullet/Bullet (3).png
  artifactKey: Guid(10a75d1a2a2cf57498462f9b06c6d1ea) Importer(815301076,1909f56bfc062723c751e8b465ee728b)
Start importing Assets/MY LAB/Bullet/Bullet (3).png using Guid(10a75d1a2a2cf57498462f9b06c6d1ea) Importer(815301076,1909f56bfc062723c751e8b465ee728b)  -> (artifact id: 'f1559cec424f86f83b3d403d56c3441a') in 0.023755 seconds 
  Import took 0.027713 seconds .

========================================================================
Received Import Request.
  Time since last request: 0.703224 seconds.
  path: Assets/MY LAB/background music.wav
  artifactKey: Guid(d57cff986003db44eb38b0fce825605f) Importer(815301076,1909f56bfc062723c751e8b465ee728b)
Start importing Assets/MY LAB/background music.wav using Guid(d57cff986003db44eb38b0fce825605f) Importer(815301076,1909f56bfc062723c751e8b465ee728b)  -> (artifact id: '3533f67c121462c9508b038ec602c0d8') in 0.052072 seconds 
  Import took 0.057119 seconds .

========================================================================
Received Import Request.
  Time since last request: 0.000404 seconds.
  path: Assets/MY LAB/ballon-blows.wav
  artifactKey: Guid(0d1c2c8d804b8f14f8e1fa9b7a149f3b) Importer(815301076,1909f56bfc062723c751e8b465ee728b)
Start importing Assets/MY LAB/ballon-blows.wav using Guid(0d1c2c8d804b8f14f8e1fa9b7a149f3b) Importer(815301076,1909f56bfc062723c751e8b465ee728b)  -> (artifact id: 'd487e72f321cadbf042553188dfb47ba') in 0.022159 seconds 
  Import took 0.027087 seconds .

========================================================================
Received Import Request.
  Time since last request: 0.000427 seconds.
  path: Assets/MY LAB/ballon-removebg-preview.png
  artifactKey: Guid(a7ca81c4e96132c478d627868c04f7fb) Importer(815301076,1909f56bfc062723c751e8b465ee728b)
Start importing Assets/MY LAB/ballon-removebg-preview.png using Guid(a7ca81c4e96132c478d627868c04f7fb) Importer(815301076,1909f56bfc062723c751e8b465ee728b)  -> (artifact id: '0a22924095f99faf4e0157aaf0f5102d') in 0.025576 seconds 
  Import took 0.029710 seconds .

========================================================================
Received Import Request.
  Time since last request: 0.000416 seconds.
  path: Assets/MY LAB/ballon-red.png
  artifactKey: Guid(cb97c0400572a66468691de2b25f4a21) Importer(815301076,1909f56bfc062723c751e8b465ee728b)
Start importing Assets/MY LAB/ballon-red.png using Guid(cb97c0400572a66468691de2b25f4a21) Importer(815301076,1909f56bfc062723c751e8b465ee728b)  -> (artifact id: '738a0bd844b202414201a69c812830d0') in 0.022822 seconds 
  Import took 0.026725 seconds .

AssetImportWorkerClient::OnTransportError - code=2 error=End of file
